  Performing Custom Build Tools
  Microsoft (R) C/C++ Optimizing Compiler Version 19.15.26726 for x86
  Copyright (C) Microsoft Corporation.  All rights reserved.
  
  math.s
  Microsoft (R) Macro Assembler Version 14.15.26726.0
  Copyright (C) Microsoft Corporation.  All rights reserved.
  
   Assembling: .\GLDebug\math.asm
  Performing Custom Build Tools
  Microsoft (R) C/C++ Optimizing Compiler Version 19.15.26726 for x86
  Copyright (C) Microsoft Corporation.  All rights reserved.
  
  snd_mixa.s
  Microsoft (R) Macro Assembler Version 14.15.26726.0
  Copyright (C) Microsoft Corporation.  All rights reserved.
  
   Assembling: .\GLDebug\snd_mixa.asm
  Performing Custom Build Tools
  Microsoft (R) C/C++ Optimizing Compiler Version 19.15.26726 for x86
  Copyright (C) Microsoft Corporation.  All rights reserved.
  
  sys_wina.s
  Microsoft (R) Macro Assembler Version 14.15.26726.0
  Copyright (C) Microsoft Corporation.  All rights reserved.
  
   Assembling: .\GLDebug\sys_wina.asm
  cd_win.c
  cl_cam.c
  cl_demo.c
  cl_ents.c
  cl_input.c
  cl_main.c
  cl_parse.c
  cl_pred.c
  cl_tent.c
  cmd.c
  common.c
  console.c
  crc.c
  cvar.c
  gl_draw.c
  gl_mesh.c
  gl_model.c
  gl_ngraph.c
  gl_refrag.c
  gl_rlight.c
  Generating Code...
  Compiling...
  gl_rmain.c
  gl_rmisc.c
  gl_rsurf.c
  gl_screen.c
  gl_test.c
  gl_vidnt.c
  gl_warp.c
  in_win.c
  keys.c
  mathlib.c
  md4.c
  menu.c
  net_chan.c
  net_wins.c
  nonintel.c
  pmove.c
  pmovetst.c
  r_part.c
  sbar.c
  skin.c
  Generating Code...
c:\users\demian\desktop\quake\qw\client\in_win.c(876): warning C4715: 'RawValuePointer': not all control paths return a value
  Compiling...
  snd_dma.c
  snd_mem.c
  snd_mix.c
  snd_win.c
  sys_win.c
  view.c
  wad.c
  zone.c
  Generating Code...
C:\Program Files (x86)\Microsoft Visual Studio\2017\Community\Common7\IDE\VC\VCTargets\Microsoft.CppBuild.targets(1216,5): warning MSB8012: TargetPath(C:\Users\Demian\Desktop\Quake\QW\client\.\GLDebug\qwcl.exe) does not match the Linker's OutputFile property value (C:\Users\Demian\Desktop\Quake\QW\client\GLDebug\glqwcl.exe). This may cause your project to build incorrectly. To correct this, please make sure that $(OutDir), $(TargetName) and $(TargetExt) property values match the value specified in %(Link.OutputFile).
C:\Program Files (x86)\Microsoft Visual Studio\2017\Community\Common7\IDE\VC\VCTargets\Microsoft.CppBuild.targets(1218,5): warning MSB8012: TargetName(qwcl) does not match the Linker's OutputFile property value (glqwcl). This may cause your project to build incorrectly. To correct this, please make sure that $(OutDir), $(TargetName) and $(TargetExt) property values match the value specified in %(Link.OutputFile).
LINK : fatal error LNK1104: cannot open file '.\GLDebug\\.obj'
